<?xml version="1.0" encoding="UTF-8"?>
<!-- Generated by org.testng.reporters.JUnitXMLReporter -->
<testsuite hostname="INGBTCPIC5NB699" name="Command line test" tests="2" failures="2" timestamp="6 Jan 2016 06:50:52 GMT" time="0.039" errors="0">
  <testcase name="loginToApplication" time="0.004" classname="com.philips.actionmodules.SignInAction">
    <failure type="com.philips.exceptions.IHEExceptions">
      <![CDATA[null
	at com.philips.utils.DriverConfig.createDriver(DriverConfig.java:60)
	at com.philips.utils.DriverConfig.getDriver(DriverConfig.java:29)
	at com.philips.actionmodules.SignInAction.loginToApplication(SignInAction.java:23)
	at com.philips.SATscripts.TestScripts.signiInStep(TestScripts.java:18)
... Removed 45 stack frames]]>
    </failure>
  </testcase> <!-- loginToApplication -->
  <testcase name="navigateToLinkPage" time="0.034" classname="com.philips.actionmodules.SignInAction">
    <failure type="java.lang.NullPointerException">
      <![CDATA[java.lang.NullPointerException
	at com.google.common.base.Preconditions.checkNotNull(Preconditions.java:210)
	at org.openqa.selenium.support.ui.FluentWait.<init>(FluentWait.java:95)
	at org.openqa.selenium.support.ui.WebDriverWait.<init>(WebDriverWait.java:71)
	at org.openqa.selenium.support.ui.WebDriverWait.<init>(WebDriverWait.java:45)
	at com.philips.pageobjects.HomePage.<init>(HomePage.java:16)
	at com.philips.actionmodules.SignInAction.navigateToLinkPage(SignInAction.java:32)
	at com.philips.SATscripts.TestScripts.signiInStep(TestScripts.java:18)
... Removed 45 stack frames]]>
    </failure>
  </testcase> <!-- navigateToLinkPage -->
</testsuite> <!-- Command line test -->
